#! /c/Source/iverilog-install/bin/vvp
:ivl_version "12.0 (devel)" "(s20150603-1539-g2693dd32b)";
:ivl_delay_selection "TYPICAL";
:vpi_time_precision - 12;
:vpi_module "C:\iverilog\lib\ivl\system.vpi";
:vpi_module "C:\iverilog\lib\ivl\vhdl_sys.vpi";
:vpi_module "C:\iverilog\lib\ivl\vhdl_textio.vpi";
:vpi_module "C:\iverilog\lib\ivl\v2005_math.vpi";
:vpi_module "C:\iverilog\lib\ivl\va_math.vpi";
S_0000027894fce800 .scope module, "UART_tb" "UART_tb" 2 3;
 .timescale -9 -12;
L_0000027894ff29b0 .functor BUFZ 1, v000002789504c560_0, C4<0>, C4<0>, C4<0>;
v000002789504c740_0 .var "ck", 0 0;
v000002789504c060_0 .net "data_valid", 0 0, v0000027894fd93d0_0;  1 drivers
v000002789504c100_0 .var "reset", 0 0;
v000002789504c1a0_0 .net "rx", 0 0, L_0000027894ff29b0;  1 drivers
v000002789504cd50_0 .net "rx_data", 7 0, v0000027894fd95b0_0;  1 drivers
v000002789504e790_0 .net "tx", 0 0, v000002789504c560_0;  1 drivers
v000002789504d570_0 .net "tx_busy", 0 0, v000002789504c240_0;  1 drivers
v000002789504d6b0_0 .var "tx_data", 7 0;
v000002789504e3d0_0 .var "tx_start", 0 0;
S_0000027894feea30 .scope module, "dut" "UART" 2 18, 3 1 0, S_0000027894fce800;
 .timescale 0 0;
    .port_info 0 /INPUT 1 "ck";
    .port_info 1 /INPUT 1 "reset";
    .port_info 2 /INPUT 1 "tx_start";
    .port_info 3 /INPUT 8 "tx_data";
    .port_info 4 /OUTPUT 1 "tx";
    .port_info 5 /OUTPUT 1 "tx_busy";
    .port_info 6 /INPUT 1 "rx";
    .port_info 7 /OUTPUT 8 "rx_data";
    .port_info 8 /OUTPUT 1 "data_valid";
v000002789504c4c0_0 .net "baud_tick", 0 0, v0000027894fa32c0_0;  1 drivers
v000002789504c600_0 .net "ck", 0 0, v000002789504c740_0;  1 drivers
v000002789504bac0_0 .net "data_valid", 0 0, v0000027894fd93d0_0;  alias, 1 drivers
v000002789504ba20_0 .net "reset", 0 0, v000002789504c100_0;  1 drivers
v000002789504bc00_0 .net "rx", 0 0, L_0000027894ff29b0;  alias, 1 drivers
v000002789504bde0_0 .net "rx_data", 7 0, v0000027894fd95b0_0;  alias, 1 drivers
v000002789504c6a0_0 .net "tx", 0 0, v000002789504c560_0;  alias, 1 drivers
v000002789504be80_0 .net "tx_busy", 0 0, v000002789504c240_0;  alias, 1 drivers
v000002789504bb60_0 .net "tx_data", 7 0, v000002789504d6b0_0;  1 drivers
v000002789504bfc0_0 .net "tx_start", 0 0, v000002789504e3d0_0;  1 drivers
S_0000027894feebc0 .scope module, "b1" "Baud_Rate_Generator" 3 16, 4 1 0, S_0000027894feea30;
 .timescale 0 0;
    .port_info 0 /INPUT 1 "ck";
    .port_info 1 /INPUT 1 "reset";
    .port_info 2 /OUTPUT 1 "baud_tick";
P_0000027894fcde10 .param/l "BAUD_CNT" 1 4 10, +C4<000000000000000000000000110110001>;
P_0000027894fcde48 .param/l "BAUD_RATE" 0 4 8, +C4<00000000000000011100001000000000>;
P_0000027894fcde80 .param/l "CLK_FREQ" 0 4 7, +C4<00000010111110101111000010000000>;
v0000027894fa32c0_0 .var "baud_tick", 0 0;
v0000027894feed50_0 .net "ck", 0 0, v000002789504c740_0;  alias, 1 drivers
v0000027894feedf0_0 .var "count", 8 0;
v0000027894fe58d0_0 .net "reset", 0 0, v000002789504c100_0;  alias, 1 drivers
E_0000027894fd0780 .event posedge, v0000027894fe58d0_0, v0000027894feed50_0;
S_0000027894fe5970 .scope module, "r1" "UART_RX" 3 34, 5 1 0, S_0000027894feea30;
 .timescale 0 0;
    .port_info 0 /INPUT 1 "ck";
    .port_info 1 /INPUT 1 "reset";
    .port_info 2 /INPUT 1 "rx";
    .port_info 3 /OUTPUT 1 "data_valid";
    .port_info 4 /OUTPUT 8 "rx_data";
P_0000027894fe5b00 .param/l "BAUD_CNT" 1 5 16, +C4<000000000000000000000000110110001>;
P_0000027894fe5b38 .param/l "BAUD_RATE" 0 5 15, +C4<00000000000000011100001000000000>;
P_0000027894fe5b70 .param/l "CLK_FREQ" 0 5 14, +C4<00000010111110101111000010000000>;
P_0000027894fe5ba8 .param/l "DATA" 1 5 21, C4<10>;
P_0000027894fe5be0 .param/l "IDLE" 1 5 19, C4<00>;
P_0000027894fe5c18 .param/l "START" 1 5 20, C4<01>;
P_0000027894fe5c50 .param/l "STOP" 1 5 22, C4<11>;
v0000027894fe5c90_0 .var "baud_count", 8 0;
v0000027894fd91f0_0 .var "bit_idx", 2 0;
v0000027894fd9290_0 .net "ck", 0 0, v000002789504c740_0;  alias, 1 drivers
v0000027894fd9330_0 .var "data_tmp", 7 0;
v0000027894fd93d0_0 .var "data_valid", 0 0;
v0000027894fd9470_0 .net "reset", 0 0, v000002789504c100_0;  alias, 1 drivers
v0000027894fd9510_0 .net "rx", 0 0, L_0000027894ff29b0;  alias, 1 drivers
v0000027894fd95b0_0 .var "rx_data", 7 0;
v000002789504c2e0_0 .var "state", 1 0;
S_0000027894f8cf10 .scope module, "t1" "UART_TX" 3 23, 6 1 0, S_0000027894feea30;
 .timescale 0 0;
    .port_info 0 /INPUT 1 "ck";
    .port_info 1 /INPUT 1 "reset";
    .port_info 2 /INPUT 1 "baud_tick";
    .port_info 3 /INPUT 1 "tx_start";
    .port_info 4 /INPUT 8 "tx_data";
    .port_info 5 /OUTPUT 1 "tx";
    .port_info 6 /OUTPUT 1 "busy";
P_0000027894f8d0a0 .param/l "DATA" 1 6 17, C4<10>;
P_0000027894f8d0d8 .param/l "IDLE" 1 6 15, C4<00>;
P_0000027894f8d110 .param/l "START" 1 6 16, C4<01>;
P_0000027894f8d148 .param/l "STOP" 1 6 18, C4<11>;
v000002789504bd40_0 .net "baud_tick", 0 0, v0000027894fa32c0_0;  alias, 1 drivers
v000002789504c380_0 .var "bit_idx", 2 0;
v000002789504c240_0 .var "busy", 0 0;
v000002789504bf20_0 .net "ck", 0 0, v000002789504c740_0;  alias, 1 drivers
v000002789504bca0_0 .var "data_tmp", 7 0;
v000002789504b980_0 .net "reset", 0 0, v000002789504c100_0;  alias, 1 drivers
v000002789504c420_0 .var "state", 1 0;
v000002789504c560_0 .var "tx", 0 0;
v000002789504c7e0_0 .net "tx_data", 7 0, v000002789504d6b0_0;  alias, 1 drivers
v000002789504b8e0_0 .net "tx_start", 0 0, v000002789504e3d0_0;  alias, 1 drivers
    .scope S_0000027894feebc0;
T_0 ;
    %wait E_0000027894fd0780;
    %load/vec4 v0000027894fe58d0_0;
    %flag_set/vec4 8;
    %jmp/0xz  T_0.0, 8;
    %pushi/vec4 0, 0, 9;
    %assign/vec4 v0000027894feedf0_0, 0;
    %pushi/vec4 0, 0, 1;
    %assign/vec4 v0000027894fa32c0_0, 0;
    %jmp T_0.1;
T_0.0 ;
    %load/vec4 v0000027894feedf0_0;
    %pad/u 33;
    %cmpi/e 433, 0, 33;
    %jmp/0xz  T_0.2, 4;
    %pushi/vec4 0, 0, 9;
    %assign/vec4 v0000027894feedf0_0, 0;
    %pushi/vec4 1, 0, 1;
    %assign/vec4 v0000027894fa32c0_0, 0;
    %jmp T_0.3;
T_0.2 ;
    %load/vec4 v0000027894feedf0_0;
    %addi 1, 0, 9;
    %assign/vec4 v0000027894feedf0_0, 0;
    %pushi/vec4 0, 0, 1;
    %assign/vec4 v0000027894fa32c0_0, 0;
T_0.3 ;
T_0.1 ;
    %jmp T_0;
    .thread T_0;
    .scope S_0000027894f8cf10;
T_1 ;
    %wait E_0000027894fd0780;
    %load/vec4 v000002789504b980_0;
    %flag_set/vec4 8;
    %jmp/0xz  T_1.0, 8;
    %pushi/vec4 1, 0, 1;
    %assign/vec4 v000002789504c560_0, 0;
    %pushi/vec4 0, 0, 1;
    %assign/vec4 v000002789504c240_0, 0;
    %pushi/vec4 0, 0, 2;
    %assign/vec4 v000002789504c420_0, 0;
    %jmp T_1.1;
T_1.0 ;
    %load/vec4 v000002789504bd40_0;
    %flag_set/vec4 8;
    %jmp/0xz  T_1.2, 8;
    %load/vec4 v000002789504c420_0;
    %dup/vec4;
    %pushi/vec4 0, 0, 2;
    %cmp/u;
    %jmp/1 T_1.4, 6;
    %dup/vec4;
    %pushi/vec4 1, 0, 2;
    %cmp/u;
    %jmp/1 T_1.5, 6;
    %dup/vec4;
    %pushi/vec4 2, 0, 2;
    %cmp/u;
    %jmp/1 T_1.6, 6;
    %dup/vec4;
    %pushi/vec4 3, 0, 2;
    %cmp/u;
    %jmp/1 T_1.7, 6;
    %jmp T_1.8;
T_1.4 ;
    %load/vec4 v000002789504b8e0_0;
    %pad/u 32;
    %cmpi/e 1, 0, 32;
    %jmp/0xz  T_1.9, 4;
    %pushi/vec4 1, 0, 2;
    %assign/vec4 v000002789504c420_0, 0;
    %pushi/vec4 0, 0, 3;
    %assign/vec4 v000002789504c380_0, 0;
    %load/vec4 v000002789504c7e0_0;
    %assign/vec4 v000002789504bca0_0, 0;
    %jmp T_1.10;
T_1.9 ;
    %pushi/vec4 1, 0, 1;
    %assign/vec4 v000002789504c560_0, 0;
    %pushi/vec4 0, 0, 1;
    %assign/vec4 v000002789504c240_0, 0;
T_1.10 ;
    %jmp T_1.8;
T_1.5 ;
    %pushi/vec4 0, 0, 1;
    %assign/vec4 v000002789504c560_0, 0;
    %pushi/vec4 1, 0, 1;
    %assign/vec4 v000002789504c240_0, 0;
    %pushi/vec4 2, 0, 2;
    %assign/vec4 v000002789504c420_0, 0;
    %jmp T_1.8;
T_1.6 ;
    %load/vec4 v000002789504bca0_0;
    %load/vec4 v000002789504c380_0;
    %part/u 1;
    %assign/vec4 v000002789504c560_0, 0;
    %pushi/vec4 1, 0, 1;
    %assign/vec4 v000002789504c240_0, 0;
    %load/vec4 v000002789504c380_0;
    %pad/u 32;
    %cmpi/e 7, 0, 32;
    %jmp/0xz  T_1.11, 4;
    %pushi/vec4 3, 0, 2;
    %assign/vec4 v000002789504c420_0, 0;
    %jmp T_1.12;
T_1.11 ;
    %load/vec4 v000002789504c380_0;
    %addi 1, 0, 3;
    %assign/vec4 v000002789504c380_0, 0;
T_1.12 ;
    %jmp T_1.8;
T_1.7 ;
    %pushi/vec4 1, 0, 1;
    %assign/vec4 v000002789504c560_0, 0;
    %pushi/vec4 1, 0, 1;
    %assign/vec4 v000002789504c240_0, 0;
    %pushi/vec4 0, 0, 2;
    %assign/vec4 v000002789504c420_0, 0;
    %jmp T_1.8;
T_1.8 ;
    %pop/vec4 1;
T_1.2 ;
T_1.1 ;
    %jmp T_1;
    .thread T_1;
    .scope S_0000027894fe5970;
T_2 ;
    %wait E_0000027894fd0780;
    %load/vec4 v0000027894fd9470_0;
    %flag_set/vec4 8;
    %jmp/0xz  T_2.0, 8;
    %pushi/vec4 0, 0, 2;
    %assign/vec4 v000002789504c2e0_0, 0;
    %pushi/vec4 0, 0, 9;
    %assign/vec4 v0000027894fe5c90_0, 0;
    %pushi/vec4 0, 0, 3;
    %assign/vec4 v0000027894fd91f0_0, 0;
    %pushi/vec4 0, 0, 8;
    %assign/vec4 v0000027894fd95b0_0, 0;
    %pushi/vec4 0, 0, 8;
    %assign/vec4 v0000027894fd9330_0, 0;
    %pushi/vec4 0, 0, 1;
    %assign/vec4 v0000027894fd93d0_0, 0;
    %jmp T_2.1;
T_2.0 ;
    %load/vec4 v000002789504c2e0_0;
    %dup/vec4;
    %pushi/vec4 0, 0, 2;
    %cmp/u;
    %jmp/1 T_2.2, 6;
    %dup/vec4;
    %pushi/vec4 1, 0, 2;
    %cmp/u;
    %jmp/1 T_2.3, 6;
    %dup/vec4;
    %pushi/vec4 2, 0, 2;
    %cmp/u;
    %jmp/1 T_2.4, 6;
    %dup/vec4;
    %pushi/vec4 3, 0, 2;
    %cmp/u;
    %jmp/1 T_2.5, 6;
    %jmp T_2.6;
T_2.2 ;
    %pushi/vec4 0, 0, 1;
    %assign/vec4 v0000027894fd93d0_0, 0;
    %load/vec4 v0000027894fd9510_0;
    %pad/u 32;
    %cmpi/e 0, 0, 32;
    %jmp/0xz  T_2.7, 4;
    %pushi/vec4 0, 0, 9;
    %assign/vec4 v0000027894fe5c90_0, 0;
    %pushi/vec4 1, 0, 2;
    %assign/vec4 v000002789504c2e0_0, 0;
T_2.7 ;
    %jmp T_2.6;
T_2.3 ;
    %load/vec4 v0000027894fe5c90_0;
    %pad/u 33;
    %cmpi/e 216, 0, 33;
    %jmp/0xz  T_2.9, 4;
    %pushi/vec4 0, 0, 9;
    %assign/vec4 v0000027894fe5c90_0, 0;
    %pushi/vec4 0, 0, 3;
    %assign/vec4 v0000027894fd91f0_0, 0;
    %pushi/vec4 2, 0, 2;
    %assign/vec4 v000002789504c2e0_0, 0;
    %jmp T_2.10;
T_2.9 ;
    %load/vec4 v0000027894fe5c90_0;
    %addi 1, 0, 9;
    %assign/vec4 v0000027894fe5c90_0, 0;
T_2.10 ;
    %jmp T_2.6;
T_2.4 ;
    %load/vec4 v0000027894fe5c90_0;
    %pad/u 33;
    %cmpi/e 433, 0, 33;
    %jmp/0xz  T_2.11, 4;
    %pushi/vec4 0, 0, 9;
    %assign/vec4 v0000027894fe5c90_0, 0;
    %load/vec4 v0000027894fd9510_0;
    %ix/load 5, 0, 0;
    %ix/getv 4, v0000027894fd91f0_0;
    %assign/vec4/off/d v0000027894fd9330_0, 4, 5;
    %load/vec4 v0000027894fd91f0_0;
    %pad/u 32;
    %cmpi/e 7, 0, 32;
    %jmp/0xz  T_2.13, 4;
    %pushi/vec4 3, 0, 2;
    %assign/vec4 v000002789504c2e0_0, 0;
    %jmp T_2.14;
T_2.13 ;
    %load/vec4 v0000027894fd91f0_0;
    %addi 1, 0, 3;
    %assign/vec4 v0000027894fd91f0_0, 0;
T_2.14 ;
    %jmp T_2.12;
T_2.11 ;
    %load/vec4 v0000027894fe5c90_0;
    %addi 1, 0, 9;
    %assign/vec4 v0000027894fe5c90_0, 0;
T_2.12 ;
    %jmp T_2.6;
T_2.5 ;
    %load/vec4 v0000027894fe5c90_0;
    %pad/u 33;
    %cmpi/e 433, 0, 33;
    %jmp/0xz  T_2.15, 4;
    %pushi/vec4 0, 0, 9;
    %assign/vec4 v0000027894fe5c90_0, 0;
    %load/vec4 v0000027894fd9510_0;
    %pad/u 32;
    %cmpi/e 1, 0, 32;
    %jmp/0xz  T_2.17, 4;
    %load/vec4 v0000027894fd9330_0;
    %assign/vec4 v0000027894fd95b0_0, 0;
    %pushi/vec4 1, 0, 1;
    %assign/vec4 v0000027894fd93d0_0, 0;
T_2.17 ;
    %pushi/vec4 0, 0, 2;
    %assign/vec4 v000002789504c2e0_0, 0;
    %jmp T_2.16;
T_2.15 ;
    %load/vec4 v0000027894fe5c90_0;
    %addi 1, 0, 9;
    %assign/vec4 v0000027894fe5c90_0, 0;
T_2.16 ;
    %jmp T_2.6;
T_2.6 ;
    %pop/vec4 1;
T_2.1 ;
    %jmp T_2;
    .thread T_2;
    .scope S_0000027894fce800;
T_3 ;
    %delay 10000, 0;
    %load/vec4 v000002789504c740_0;
    %inv;
    %store/vec4 v000002789504c740_0, 0, 1;
    %jmp T_3;
    .thread T_3;
    .scope S_0000027894fce800;
T_4 ;
    %vpi_call 2 36 "$dumpfile", "sim/wave.vcd" {0 0 0};
    %vpi_call 2 37 "$dumpvars", 32'sb00000000000000000000000000000000, S_0000027894fce800 {0 0 0};
    %pushi/vec4 0, 0, 1;
    %store/vec4 v000002789504c740_0, 0, 1;
    %pushi/vec4 0, 0, 1;
    %store/vec4 v000002789504e3d0_0, 0, 1;
    %pushi/vec4 0, 0, 8;
    %store/vec4 v000002789504d6b0_0, 0, 8;
    %pushi/vec4 1, 0, 1;
    %store/vec4 v000002789504c100_0, 0, 1;
    %delay 50000, 0;
    %pushi/vec4 0, 0, 1;
    %store/vec4 v000002789504c100_0, 0, 1;
    %delay 50000, 0;
    %pushi/vec4 213, 0, 8;
    %store/vec4 v000002789504d6b0_0, 0, 8;
    %pushi/vec4 1, 0, 1;
    %store/vec4 v000002789504e3d0_0, 0, 1;
    %delay 20000000, 0;
    %pushi/vec4 0, 0, 1;
    %store/vec4 v000002789504e3d0_0, 0, 1;
    %delay 200000000, 0;
    %vpi_call 2 57 "$finish" {0 0 0};
    %end;
    .thread T_4;
# The file index is used to find the file name in the following table.
:file_names 7;
    "N/A";
    "<interactive>";
    "tb/UART_tb.v";
    "rtl/UART.v";
    "rtl/Baud_Rate_Generator.v";
    "rtl/UART_RX.v";
    "rtl/UART_TX.v";
