#! /c/Source/iverilog-install/bin/vvp
:ivl_version "12.0 (devel)" "(s20150603-1539-g2693dd32b)";
:ivl_delay_selection "TYPICAL";
:vpi_time_precision - 12;
:vpi_module "C:\iverilog\lib\ivl\system.vpi";
:vpi_module "C:\iverilog\lib\ivl\vhdl_sys.vpi";
:vpi_module "C:\iverilog\lib\ivl\vhdl_textio.vpi";
:vpi_module "C:\iverilog\lib\ivl\v2005_math.vpi";
:vpi_module "C:\iverilog\lib\ivl\va_math.vpi";
S_00000253e9ecad90 .scope module, "UART_tb" "UART_tb" 2 3;
 .timescale -9 -12;
L_00000253e9f2bc30 .functor BUFZ 1, v00000253e9f841d0_0, C4<0>, C4<0>, C4<0>;
v00000253e9f843b0_0 .var "ck", 0 0;
v00000253e9f844f0_0 .net "data_valid", 0 0, v00000253e9f1a0f0_0;  1 drivers
v00000253e9f84590_0 .var "reset", 0 0;
v00000253e9f84770_0 .net "rx", 0 0, L_00000253e9f2bc30;  1 drivers
v00000253e9f862c0_0 .net "rx_data", 7 0, v00000253e9eccf10_0;  1 drivers
v00000253e9f86b80_0 .net "tx", 0 0, v00000253e9f841d0_0;  1 drivers
v00000253e9f858c0_0 .net "tx_busy", 0 0, v00000253e9f84b30_0;  1 drivers
v00000253e9f86360_0 .var "tx_data", 7 0;
v00000253e9f86d60_0 .var "tx_start", 0 0;
S_00000253e9f28aa0 .scope module, "dut" "UART" 2 18, 3 1 0, S_00000253e9ecad90;
 .timescale 0 0;
    .port_info 0 /INPUT 1 "ck";
    .port_info 1 /INPUT 1 "reset";
    .port_info 2 /INPUT 1 "tx_start";
    .port_info 3 /INPUT 8 "tx_data";
    .port_info 4 /OUTPUT 1 "tx";
    .port_info 5 /OUTPUT 1 "tx_busy";
    .port_info 6 /INPUT 1 "rx";
    .port_info 7 /OUTPUT 8 "rx_data";
    .port_info 8 /OUTPUT 1 "data_valid";
v00000253e9f84db0_0 .net "baud_tick", 0 0, v00000253e9ee30a0_0;  1 drivers
v00000253e9f846d0_0 .net "ck", 0 0, v00000253e9f843b0_0;  1 drivers
v00000253e9f84f90_0 .net "data_valid", 0 0, v00000253e9f1a0f0_0;  alias, 1 drivers
v00000253e9f84450_0 .net "reset", 0 0, v00000253e9f84590_0;  1 drivers
v00000253e9f84810_0 .net "rx", 0 0, L_00000253e9f2bc30;  alias, 1 drivers
v00000253e9f84090_0 .net "rx_data", 7 0, v00000253e9eccf10_0;  alias, 1 drivers
v00000253e9f84130_0 .net "tx", 0 0, v00000253e9f841d0_0;  alias, 1 drivers
v00000253e9f84950_0 .net "tx_busy", 0 0, v00000253e9f84b30_0;  alias, 1 drivers
v00000253e9f84270_0 .net "tx_data", 7 0, v00000253e9f86360_0;  1 drivers
v00000253e9f84310_0 .net "tx_start", 0 0, v00000253e9f86d60_0;  1 drivers
S_00000253e9f28c30 .scope module, "b1" "Baud_Rate_Generator" 3 16, 4 1 0, S_00000253e9f28aa0;
 .timescale 0 0;
    .port_info 0 /INPUT 1 "ck";
    .port_info 1 /INPUT 1 "reset";
    .port_info 2 /OUTPUT 1 "baud_tick";
P_00000253e9ecaf20 .param/l "BAUD_CNT" 1 4 10, +C4<000000000000000000000000110110001>;
P_00000253e9ecaf58 .param/l "BAUD_RATE" 0 4 8, +C4<00000000000000011100001000000000>;
P_00000253e9ecaf90 .param/l "CLK_FREQ" 0 4 7, +C4<00000010111110101111000010000000>;
v00000253e9ee30a0_0 .var "baud_tick", 0 0;
v00000253e9ee32c0_0 .net "ck", 0 0, v00000253e9f843b0_0;  alias, 1 drivers
v00000253e9f28dc0_0 .var "count", 8 0;
v00000253e9f28e60_0 .net "reset", 0 0, v00000253e9f84590_0;  alias, 1 drivers
E_00000253e9f0ddc0 .event posedge, v00000253e9f28e60_0, v00000253e9ee32c0_0;
S_00000253e9f14d40 .scope module, "r1" "UART_RX" 3 34, 5 1 0, S_00000253e9f28aa0;
 .timescale 0 0;
    .port_info 0 /INPUT 1 "ck";
    .port_info 1 /INPUT 1 "reset";
    .port_info 2 /INPUT 1 "baud_tick";
    .port_info 3 /INPUT 1 "rx";
    .port_info 4 /OUTPUT 1 "data_valid";
    .port_info 5 /OUTPUT 8 "rx_data";
P_00000253e9f14ed0 .param/l "DATA" 1 5 16, C4<10>;
P_00000253e9f14f08 .param/l "IDLE" 1 5 14, C4<00>;
P_00000253e9f14f40 .param/l "START" 1 5 15, C4<01>;
P_00000253e9f14f78 .param/l "STOP" 1 5 17, C4<11>;
v00000253e9f19e70_0 .net "baud_tick", 0 0, v00000253e9ee30a0_0;  alias, 1 drivers
v00000253e9f19f10_0 .var "bit_idx", 2 0;
v00000253e9f19fb0_0 .net "ck", 0 0, v00000253e9f843b0_0;  alias, 1 drivers
v00000253e9f1a050_0 .var "data_tmp", 7 0;
v00000253e9f1a0f0_0 .var "data_valid", 0 0;
v00000253e9f1a190_0 .net "reset", 0 0, v00000253e9f84590_0;  alias, 1 drivers
v00000253e9f1a230_0 .net "rx", 0 0, L_00000253e9f2bc30;  alias, 1 drivers
v00000253e9eccf10_0 .var "rx_data", 7 0;
v00000253e9f848b0_0 .var "state", 1 0;
S_00000253e9eccfb0 .scope module, "t1" "UART_TX" 3 23, 6 1 0, S_00000253e9f28aa0;
 .timescale 0 0;
    .port_info 0 /INPUT 1 "ck";
    .port_info 1 /INPUT 1 "reset";
    .port_info 2 /INPUT 1 "baud_tick";
    .port_info 3 /INPUT 1 "tx_start";
    .port_info 4 /INPUT 8 "tx_data";
    .port_info 5 /OUTPUT 1 "tx";
    .port_info 6 /OUTPUT 1 "busy";
P_00000253e9ecd140 .param/l "DATA" 1 6 17, C4<10>;
P_00000253e9ecd178 .param/l "IDLE" 1 6 15, C4<00>;
P_00000253e9ecd1b0 .param/l "START" 1 6 16, C4<01>;
P_00000253e9ecd1e8 .param/l "STOP" 1 6 18, C4<11>;
v00000253e9f84630_0 .net "baud_tick", 0 0, v00000253e9ee30a0_0;  alias, 1 drivers
v00000253e9f84e50_0 .var "bit_idx", 2 0;
v00000253e9f84b30_0 .var "busy", 0 0;
v00000253e9f84ef0_0 .net "ck", 0 0, v00000253e9f843b0_0;  alias, 1 drivers
v00000253e9f84d10_0 .var "data_tmp", 7 0;
v00000253e9f84bd0_0 .net "reset", 0 0, v00000253e9f84590_0;  alias, 1 drivers
v00000253e9f849f0_0 .var "state", 1 0;
v00000253e9f841d0_0 .var "tx", 0 0;
v00000253e9f84a90_0 .net "tx_data", 7 0, v00000253e9f86360_0;  alias, 1 drivers
v00000253e9f84c70_0 .net "tx_start", 0 0, v00000253e9f86d60_0;  alias, 1 drivers
    .scope S_00000253e9f28c30;
T_0 ;
    %wait E_00000253e9f0ddc0;
    %load/vec4 v00000253e9f28e60_0;
    %flag_set/vec4 8;
    %jmp/0xz  T_0.0, 8;
    %pushi/vec4 0, 0, 9;
    %assign/vec4 v00000253e9f28dc0_0, 0;
    %pushi/vec4 0, 0, 1;
    %assign/vec4 v00000253e9ee30a0_0, 0;
    %jmp T_0.1;
T_0.0 ;
    %load/vec4 v00000253e9f28dc0_0;
    %pad/u 33;
    %cmpi/e 433, 0, 33;
    %jmp/0xz  T_0.2, 4;
    %pushi/vec4 0, 0, 9;
    %assign/vec4 v00000253e9f28dc0_0, 0;
    %pushi/vec4 1, 0, 1;
    %assign/vec4 v00000253e9ee30a0_0, 0;
    %jmp T_0.3;
T_0.2 ;
    %load/vec4 v00000253e9f28dc0_0;
    %addi 1, 0, 9;
    %assign/vec4 v00000253e9f28dc0_0, 0;
    %pushi/vec4 0, 0, 1;
    %assign/vec4 v00000253e9ee30a0_0, 0;
T_0.3 ;
T_0.1 ;
    %jmp T_0;
    .thread T_0;
    .scope S_00000253e9eccfb0;
T_1 ;
    %wait E_00000253e9f0ddc0;
    %load/vec4 v00000253e9f84bd0_0;
    %flag_set/vec4 8;
    %jmp/0xz  T_1.0, 8;
    %pushi/vec4 1, 0, 1;
    %assign/vec4 v00000253e9f841d0_0, 0;
    %pushi/vec4 0, 0, 1;
    %assign/vec4 v00000253e9f84b30_0, 0;
    %pushi/vec4 0, 0, 2;
    %assign/vec4 v00000253e9f849f0_0, 0;
    %jmp T_1.1;
T_1.0 ;
    %load/vec4 v00000253e9f84630_0;
    %flag_set/vec4 8;
    %jmp/0xz  T_1.2, 8;
    %load/vec4 v00000253e9f849f0_0;
    %dup/vec4;
    %pushi/vec4 0, 0, 2;
    %cmp/u;
    %jmp/1 T_1.4, 6;
    %dup/vec4;
    %pushi/vec4 1, 0, 2;
    %cmp/u;
    %jmp/1 T_1.5, 6;
    %dup/vec4;
    %pushi/vec4 2, 0, 2;
    %cmp/u;
    %jmp/1 T_1.6, 6;
    %dup/vec4;
    %pushi/vec4 3, 0, 2;
    %cmp/u;
    %jmp/1 T_1.7, 6;
    %jmp T_1.8;
T_1.4 ;
    %load/vec4 v00000253e9f84c70_0;
    %pad/u 32;
    %cmpi/e 1, 0, 32;
    %jmp/0xz  T_1.9, 4;
    %pushi/vec4 1, 0, 2;
    %assign/vec4 v00000253e9f849f0_0, 0;
    %pushi/vec4 0, 0, 3;
    %assign/vec4 v00000253e9f84e50_0, 0;
    %load/vec4 v00000253e9f84a90_0;
    %assign/vec4 v00000253e9f84d10_0, 0;
    %jmp T_1.10;
T_1.9 ;
    %pushi/vec4 1, 0, 1;
    %assign/vec4 v00000253e9f841d0_0, 0;
    %pushi/vec4 0, 0, 1;
    %assign/vec4 v00000253e9f84b30_0, 0;
T_1.10 ;
    %jmp T_1.8;
T_1.5 ;
    %pushi/vec4 0, 0, 1;
    %assign/vec4 v00000253e9f841d0_0, 0;
    %pushi/vec4 1, 0, 1;
    %assign/vec4 v00000253e9f84b30_0, 0;
    %pushi/vec4 2, 0, 2;
    %assign/vec4 v00000253e9f849f0_0, 0;
    %jmp T_1.8;
T_1.6 ;
    %load/vec4 v00000253e9f84d10_0;
    %load/vec4 v00000253e9f84e50_0;
    %part/u 1;
    %assign/vec4 v00000253e9f841d0_0, 0;
    %pushi/vec4 1, 0, 1;
    %assign/vec4 v00000253e9f84b30_0, 0;
    %load/vec4 v00000253e9f84e50_0;
    %pad/u 32;
    %cmpi/e 7, 0, 32;
    %jmp/0xz  T_1.11, 4;
    %pushi/vec4 3, 0, 2;
    %assign/vec4 v00000253e9f849f0_0, 0;
    %jmp T_1.12;
T_1.11 ;
    %load/vec4 v00000253e9f84e50_0;
    %addi 1, 0, 3;
    %assign/vec4 v00000253e9f84e50_0, 0;
T_1.12 ;
    %jmp T_1.8;
T_1.7 ;
    %pushi/vec4 1, 0, 1;
    %assign/vec4 v00000253e9f841d0_0, 0;
    %pushi/vec4 1, 0, 1;
    %assign/vec4 v00000253e9f84b30_0, 0;
    %pushi/vec4 0, 0, 2;
    %assign/vec4 v00000253e9f849f0_0, 0;
    %jmp T_1.8;
T_1.8 ;
    %pop/vec4 1;
T_1.2 ;
T_1.1 ;
    %jmp T_1;
    .thread T_1;
    .scope S_00000253e9f14d40;
T_2 ;
    %wait E_00000253e9f0ddc0;
    %load/vec4 v00000253e9f1a190_0;
    %flag_set/vec4 8;
    %jmp/0xz  T_2.0, 8;
    %pushi/vec4 0, 0, 2;
    %assign/vec4 v00000253e9f848b0_0, 0;
    %pushi/vec4 0, 0, 1;
    %assign/vec4 v00000253e9f1a0f0_0, 0;
    %jmp T_2.1;
T_2.0 ;
    %load/vec4 v00000253e9f19e70_0;
    %flag_set/vec4 8;
    %jmp/0xz  T_2.2, 8;
    %load/vec4 v00000253e9f848b0_0;
    %dup/vec4;
    %pushi/vec4 0, 0, 2;
    %cmp/u;
    %jmp/1 T_2.4, 6;
    %dup/vec4;
    %pushi/vec4 1, 0, 2;
    %cmp/u;
    %jmp/1 T_2.5, 6;
    %dup/vec4;
    %pushi/vec4 2, 0, 2;
    %cmp/u;
    %jmp/1 T_2.6, 6;
    %dup/vec4;
    %pushi/vec4 3, 0, 2;
    %cmp/u;
    %jmp/1 T_2.7, 6;
    %jmp T_2.8;
T_2.4 ;
    %pushi/vec4 0, 0, 1;
    %assign/vec4 v00000253e9f1a0f0_0, 0;
    %load/vec4 v00000253e9f1a230_0;
    %pad/u 32;
    %cmpi/e 0, 0, 32;
    %jmp/0xz  T_2.9, 4;
    %pushi/vec4 1, 0, 2;
    %assign/vec4 v00000253e9f848b0_0, 0;
T_2.9 ;
    %jmp T_2.8;
T_2.5 ;
    %pushi/vec4 1, 0, 3;
    %assign/vec4 v00000253e9f19f10_0, 0;
    %load/vec4 v00000253e9f1a230_0;
    %ix/load 4, 0, 0;
    %ix/load 5, 0, 0;
    %flag_set/imm 4, 0;
    %assign/vec4/off/d v00000253e9f1a050_0, 4, 5;
    %pushi/vec4 2, 0, 2;
    %assign/vec4 v00000253e9f848b0_0, 0;
    %jmp T_2.8;
T_2.6 ;
    %load/vec4 v00000253e9f1a230_0;
    %ix/load 5, 0, 0;
    %ix/getv 4, v00000253e9f19f10_0;
    %assign/vec4/off/d v00000253e9f1a050_0, 4, 5;
    %load/vec4 v00000253e9f19f10_0;
    %pad/u 32;
    %cmpi/e 7, 0, 32;
    %jmp/0xz  T_2.11, 4;
    %pushi/vec4 3, 0, 2;
    %assign/vec4 v00000253e9f848b0_0, 0;
    %jmp T_2.12;
T_2.11 ;
    %load/vec4 v00000253e9f19f10_0;
    %addi 1, 0, 3;
    %assign/vec4 v00000253e9f19f10_0, 0;
T_2.12 ;
    %jmp T_2.8;
T_2.7 ;
    %load/vec4 v00000253e9f1a230_0;
    %pad/u 32;
    %cmpi/e 1, 0, 32;
    %jmp/0xz  T_2.13, 4;
    %load/vec4 v00000253e9f1a050_0;
    %assign/vec4 v00000253e9eccf10_0, 0;
    %pushi/vec4 1, 0, 1;
    %assign/vec4 v00000253e9f1a0f0_0, 0;
T_2.13 ;
    %pushi/vec4 0, 0, 2;
    %assign/vec4 v00000253e9f848b0_0, 0;
    %jmp T_2.8;
T_2.8 ;
    %pop/vec4 1;
T_2.2 ;
T_2.1 ;
    %jmp T_2;
    .thread T_2;
    .scope S_00000253e9ecad90;
T_3 ;
    %delay 10000, 0;
    %load/vec4 v00000253e9f843b0_0;
    %inv;
    %store/vec4 v00000253e9f843b0_0, 0, 1;
    %jmp T_3;
    .thread T_3;
    .scope S_00000253e9ecad90;
T_4 ;
    %vpi_call 2 36 "$dumpfile", "sim/wave.vcd" {0 0 0};
    %vpi_call 2 37 "$dumpvars", 32'sb00000000000000000000000000000000, S_00000253e9ecad90 {0 0 0};
    %pushi/vec4 0, 0, 1;
    %store/vec4 v00000253e9f843b0_0, 0, 1;
    %pushi/vec4 0, 0, 1;
    %store/vec4 v00000253e9f86d60_0, 0, 1;
    %pushi/vec4 0, 0, 8;
    %store/vec4 v00000253e9f86360_0, 0, 8;
    %pushi/vec4 1, 0, 1;
    %store/vec4 v00000253e9f84590_0, 0, 1;
    %delay 50000, 0;
    %pushi/vec4 0, 0, 1;
    %store/vec4 v00000253e9f84590_0, 0, 1;
    %delay 50000, 0;
    %pushi/vec4 213, 0, 8;
    %store/vec4 v00000253e9f86360_0, 0, 8;
    %pushi/vec4 1, 0, 1;
    %store/vec4 v00000253e9f86d60_0, 0, 1;
    %delay 20000000, 0;
    %pushi/vec4 0, 0, 1;
    %store/vec4 v00000253e9f86d60_0, 0, 1;
    %delay 200000000, 0;
    %vpi_call 2 57 "$finish" {0 0 0};
    %end;
    .thread T_4;
# The file index is used to find the file name in the following table.
:file_names 7;
    "N/A";
    "<interactive>";
    "tb/UART_tb.v";
    "rtl/UART.v";
    "rtl/Baud_Rate_Generator.v";
    "rtl/UART_RX.v";
    "rtl/UART_TX.v";
