#! /c/Source/iverilog-install/bin/vvp
:ivl_version "12.0 (devel)" "(s20150603-1539-g2693dd32b)";
:ivl_delay_selection "TYPICAL";
:vpi_time_precision - 12;
:vpi_module "C:\iverilog\lib\ivl\system.vpi";
:vpi_module "C:\iverilog\lib\ivl\vhdl_sys.vpi";
:vpi_module "C:\iverilog\lib\ivl\vhdl_textio.vpi";
:vpi_module "C:\iverilog\lib\ivl\v2005_math.vpi";
:vpi_module "C:\iverilog\lib\ivl\va_math.vpi";
S_000001c91530a640 .scope module, "bit4_ALU_tb" "bit4_ALU_tb" 2 3;
 .timescale -9 -12;
v000001c91530aa00_0 .var "A", 3 0;
v000001c9152d2b90_0 .var "B", 3 0;
v000001c9152d2c30_0 .net "Carry", 0 0, v000001c9152baef0_0;  1 drivers
v000001c9152d2cd0_0 .var "Op", 2 0;
v000001c9152d2d70_0 .net "Q", 3 0, v000001c91530a960_0;  1 drivers
S_000001c91530a7d0 .scope module, "DUT" "bit4_ALU" 2 11, 3 1 0, S_000001c91530a640;
 .timescale 0 0;
    .port_info 0 /INPUT 4 "A";
    .port_info 1 /INPUT 4 "B";
    .port_info 2 /INPUT 3 "Op";
    .port_info 3 /OUTPUT 4 "Q";
    .port_info 4 /OUTPUT 1 "Carry";
P_000001c9152d29c0 .param/l "ADD" 0 3 7, C4<000>;
P_000001c9152d29f8 .param/l "AND" 0 3 9, C4<010>;
P_000001c9152d2a30 .param/l "NOTA" 0 3 12, C4<101>;
P_000001c9152d2a68 .param/l "OR" 0 3 10, C4<011>;
P_000001c9152d2aa0 .param/l "SHLA" 0 3 13, C4<110>;
P_000001c9152d2ad8 .param/l "SHRA" 0 3 14, C4<111>;
P_000001c9152d2b10 .param/l "SUB" 0 3 8, C4<001>;
P_000001c9152d2b48 .param/l "XOR" 0 3 11, C4<100>;
v000001c9152d3150_0 .net "A", 3 0, v000001c91530aa00_0;  1 drivers
v000001c9152d3390_0 .net "B", 3 0, v000001c9152d2b90_0;  1 drivers
v000001c9152baef0_0 .var "Carry", 0 0;
v000001c9152f6550_0 .net "Op", 2 0, v000001c9152d2cd0_0;  1 drivers
v000001c91530a960_0 .var "Q", 3 0;
E_000001c9152b8ed0 .event anyedge, v000001c9152f6550_0, v000001c9152d3150_0, v000001c9152d3390_0;
    .scope S_000001c91530a7d0;
T_0 ;
    %wait E_000001c9152b8ed0;
    %load/vec4 v000001c9152f6550_0;
    %dup/vec4;
    %pushi/vec4 0, 0, 3;
    %cmp/u;
    %jmp/1 T_0.0, 6;
    %dup/vec4;
    %pushi/vec4 1, 0, 3;
    %cmp/u;
    %jmp/1 T_0.1, 6;
    %dup/vec4;
    %pushi/vec4 2, 0, 3;
    %cmp/u;
    %jmp/1 T_0.2, 6;
    %dup/vec4;
    %pushi/vec4 3, 0, 3;
    %cmp/u;
    %jmp/1 T_0.3, 6;
    %dup/vec4;
    %pushi/vec4 4, 0, 3;
    %cmp/u;
    %jmp/1 T_0.4, 6;
    %dup/vec4;
    %pushi/vec4 5, 0, 3;
    %cmp/u;
    %jmp/1 T_0.5, 6;
    %dup/vec4;
    %pushi/vec4 6, 0, 3;
    %cmp/u;
    %jmp/1 T_0.6, 6;
    %dup/vec4;
    %pushi/vec4 7, 0, 3;
    %cmp/u;
    %jmp/1 T_0.7, 6;
    %pushi/vec4 0, 0, 4;
    %store/vec4 v000001c91530a960_0, 0, 4;
    %pushi/vec4 0, 0, 1;
    %store/vec4 v000001c9152baef0_0, 0, 1;
    %jmp T_0.9;
T_0.0 ;
    %load/vec4 v000001c9152d3150_0;
    %pad/u 5;
    %load/vec4 v000001c9152d3390_0;
    %pad/u 5;
    %add;
    %split/vec4 4;
    %store/vec4 v000001c91530a960_0, 0, 4;
    %store/vec4 v000001c9152baef0_0, 0, 1;
    %jmp T_0.9;
T_0.1 ;
    %load/vec4 v000001c9152d3150_0;
    %load/vec4 v000001c9152d3390_0;
    %sub;
    %store/vec4 v000001c91530a960_0, 0, 4;
    %pushi/vec4 0, 0, 1;
    %store/vec4 v000001c9152baef0_0, 0, 1;
    %jmp T_0.9;
T_0.2 ;
    %load/vec4 v000001c9152d3150_0;
    %load/vec4 v000001c9152d3390_0;
    %and;
    %store/vec4 v000001c91530a960_0, 0, 4;
    %pushi/vec4 0, 0, 1;
    %store/vec4 v000001c9152baef0_0, 0, 1;
    %jmp T_0.9;
T_0.3 ;
    %load/vec4 v000001c9152d3150_0;
    %load/vec4 v000001c9152d3390_0;
    %or;
    %store/vec4 v000001c91530a960_0, 0, 4;
    %pushi/vec4 0, 0, 1;
    %store/vec4 v000001c9152baef0_0, 0, 1;
    %jmp T_0.9;
T_0.4 ;
    %load/vec4 v000001c9152d3150_0;
    %load/vec4 v000001c9152d3390_0;
    %xor;
    %store/vec4 v000001c91530a960_0, 0, 4;
    %pushi/vec4 0, 0, 1;
    %store/vec4 v000001c9152baef0_0, 0, 1;
    %jmp T_0.9;
T_0.5 ;
    %load/vec4 v000001c9152d3150_0;
    %inv;
    %store/vec4 v000001c91530a960_0, 0, 4;
    %pushi/vec4 0, 0, 1;
    %store/vec4 v000001c9152baef0_0, 0, 1;
    %jmp T_0.9;
T_0.6 ;
    %load/vec4 v000001c9152d3150_0;
    %ix/load 4, 1, 0;
    %flag_set/imm 4, 0;
    %shiftl 4;
    %store/vec4 v000001c91530a960_0, 0, 4;
    %load/vec4 v000001c9152d3150_0;
    %parti/s 1, 3, 3;
    %store/vec4 v000001c9152baef0_0, 0, 1;
    %jmp T_0.9;
T_0.7 ;
    %load/vec4 v000001c9152d3150_0;
    %ix/load 4, 1, 0;
    %flag_set/imm 4, 0;
    %shiftr 4;
    %store/vec4 v000001c91530a960_0, 0, 4;
    %load/vec4 v000001c9152d3150_0;
    %parti/s 1, 0, 2;
    %store/vec4 v000001c9152baef0_0, 0, 1;
    %jmp T_0.9;
T_0.9 ;
    %pop/vec4 1;
    %jmp T_0;
    .thread T_0, $push;
    .scope S_000001c91530a640;
T_1 ;
    %vpi_call 2 21 "$dumpfile", "sim/wave.vcd" {0 0 0};
    %vpi_call 2 22 "$dumpvars", 32'sb00000000000000000000000000000000, S_000001c91530a640 {0 0 0};
    %vpi_call 2 23 "$monitor", "Op = %b A = %b B = %b / Carry = %b Q = %b", v000001c9152d2cd0_0, v000001c91530aa00_0, v000001c9152d2b90_0, v000001c9152d2c30_0, v000001c9152d2d70_0 {0 0 0};
    %pushi/vec4 3, 0, 4;
    %store/vec4 v000001c91530aa00_0, 0, 4;
    %pushi/vec4 2, 0, 4;
    %store/vec4 v000001c9152d2b90_0, 0, 4;
    %pushi/vec4 0, 0, 3;
    %store/vec4 v000001c9152d2cd0_0, 0, 3;
    %delay 10000, 0;
    %pushi/vec4 15, 0, 4;
    %store/vec4 v000001c91530aa00_0, 0, 4;
    %pushi/vec4 1, 0, 4;
    %store/vec4 v000001c9152d2b90_0, 0, 4;
    %pushi/vec4 0, 0, 3;
    %store/vec4 v000001c9152d2cd0_0, 0, 3;
    %delay 10000, 0;
    %pushi/vec4 8, 0, 4;
    %store/vec4 v000001c91530aa00_0, 0, 4;
    %pushi/vec4 3, 0, 4;
    %store/vec4 v000001c9152d2b90_0, 0, 4;
    %pushi/vec4 1, 0, 3;
    %store/vec4 v000001c9152d2cd0_0, 0, 3;
    %delay 10000, 0;
    %pushi/vec4 3, 0, 4;
    %store/vec4 v000001c91530aa00_0, 0, 4;
    %pushi/vec4 5, 0, 4;
    %store/vec4 v000001c9152d2b90_0, 0, 4;
    %pushi/vec4 1, 0, 3;
    %store/vec4 v000001c9152d2cd0_0, 0, 3;
    %delay 10000, 0;
    %pushi/vec4 10, 0, 4;
    %store/vec4 v000001c91530aa00_0, 0, 4;
    %pushi/vec4 12, 0, 4;
    %store/vec4 v000001c9152d2b90_0, 0, 4;
    %pushi/vec4 2, 0, 3;
    %store/vec4 v000001c9152d2cd0_0, 0, 3;
    %delay 10000, 0;
    %pushi/vec4 10, 0, 4;
    %store/vec4 v000001c91530aa00_0, 0, 4;
    %pushi/vec4 12, 0, 4;
    %store/vec4 v000001c9152d2b90_0, 0, 4;
    %pushi/vec4 3, 0, 3;
    %store/vec4 v000001c9152d2cd0_0, 0, 3;
    %delay 10000, 0;
    %pushi/vec4 10, 0, 4;
    %store/vec4 v000001c91530aa00_0, 0, 4;
    %pushi/vec4 12, 0, 4;
    %store/vec4 v000001c9152d2b90_0, 0, 4;
    %pushi/vec4 4, 0, 3;
    %store/vec4 v000001c9152d2cd0_0, 0, 3;
    %delay 10000, 0;
    %pushi/vec4 10, 0, 4;
    %store/vec4 v000001c91530aa00_0, 0, 4;
    %pushi/vec4 5, 0, 3;
    %store/vec4 v000001c9152d2cd0_0, 0, 3;
    %delay 10000, 0;
    %pushi/vec4 9, 0, 4;
    %store/vec4 v000001c91530aa00_0, 0, 4;
    %pushi/vec4 6, 0, 3;
    %store/vec4 v000001c9152d2cd0_0, 0, 3;
    %delay 10000, 0;
    %pushi/vec4 9, 0, 4;
    %store/vec4 v000001c91530aa00_0, 0, 4;
    %pushi/vec4 7, 0, 3;
    %store/vec4 v000001c9152d2cd0_0, 0, 3;
    %delay 10000, 0;
    %vpi_call 2 39 "$finish" {0 0 0};
    %end;
    .thread T_1;
# The file index is used to find the file name in the following table.
:file_names 4;
    "N/A";
    "<interactive>";
    "tb/ALU_tb.v";
    "rtl/ALU.v";
